Flow report for usb_capture
Wed May 31 20:04:51 2023
Quartus Prime Version 22.1std.1 Build 917 02/14/2023 SC Lite Edition


---------------------
; Table of Contents ;
---------------------
  1. Legal Notice
  2. Flow Summary
  3. Flow Settings
  4. Flow Non-Default Global Settings
  5. Flow Elapsed Time
  6. Flow OS Summary
  7. Flow Log
  8. Flow Messages
  9. Flow Suppressed Messages



----------------
; Legal Notice ;
----------------
Copyright (C) 2023  Intel Corporation. All rights reserved.
Your use of Intel Corporation's design tools, logic functions 
and other software and tools, and any partner logic 
functions, and any output files from any of the foregoing 
(including device programming or simulation files), and any 
associated documentation or information are expressly subject 
to the terms and conditions of the Intel Program License 
Subscription Agreement, the Intel Quartus Prime License Agreement,
the Intel FPGA IP License Agreement, or other applicable license
agreement, including, without limitation, that your use is for
the sole purpose of programming logic devices manufactured by
Intel and sold by Intel or its authorized distributors.  Please
refer to the applicable agreement for further details, at
https://fpgasoftware.intel.com/eula.



+-------------------------------------------------------------------------------------+
; Flow Summary                                                                        ;
+------------------------------------+------------------------------------------------+
; Flow Status                        ; Successful - Wed May 31 20:04:49 2023          ;
; Quartus Prime Version              ; 22.1std.1 Build 917 02/14/2023 SC Lite Edition ;
; Revision Name                      ; usb_capture                                    ;
; Top-level Entity Name              ; lab0                                           ;
; Family                             ; Cyclone IV E                                   ;
; Device                             ; EP4CE22F17C6                                   ;
; Timing Models                      ; Final                                          ;
; Total logic elements               ; 41 / 22,320 ( < 1 % )                          ;
;     Total combinational functions  ; 41 / 22,320 ( < 1 % )                          ;
;     Dedicated logic registers      ; 30 / 22,320 ( < 1 % )                          ;
; Total registers                    ; 30                                             ;
; Total pins                         ; 11 / 154 ( 7 % )                               ;
; Total virtual pins                 ; 0                                              ;
; Total memory bits                  ; 0 / 608,256 ( 0 % )                            ;
; Embedded Multiplier 9-bit elements ; 0 / 132 ( 0 % )                                ;
; Total PLLs                         ; 0 / 4 ( 0 % )                                  ;
+------------------------------------+------------------------------------------------+


+-----------------------------------------+
; Flow Settings                           ;
+-------------------+---------------------+
; Option            ; Setting             ;
+-------------------+---------------------+
; Start date & time ; 05/31/2023 20:04:38 ;
; Main task         ; Compilation         ;
; Revision Name     ; usb_capture         ;
+-------------------+---------------------+


+-----------------------------------------------------------------------------------------------------------------------------+
; Flow Non-Default Global Settings                                                                                            ;
+-------------------------------------+----------------------------------------+---------------+-------------+----------------+
; Assignment Name                     ; Value                                  ; Default Value ; Entity Name ; Section Id     ;
+-------------------------------------+----------------------------------------+---------------+-------------+----------------+
; COMPILER_SIGNATURE_ID               ; 185410951589953.168553467823876        ; --            ; --          ; --             ;
; EDA_OUTPUT_DATA_FORMAT              ; None                                   ; --            ; --          ; eda_simulation ;
; MAX_CORE_JUNCTION_TEMP              ; 85                                     ; --            ; --          ; --             ;
; MIN_CORE_JUNCTION_TEMP              ; 0                                      ; --            ; --          ; --             ;
; PARTITION_COLOR                     ; -- (Not supported for targeted family) ; --            ; lab0        ; Top            ;
; PARTITION_FITTER_PRESERVATION_LEVEL ; -- (Not supported for targeted family) ; --            ; lab0        ; Top            ;
; PARTITION_NETLIST_TYPE              ; -- (Not supported for targeted family) ; --            ; lab0        ; Top            ;
; POWER_BOARD_THERMAL_MODEL           ; None (CONSERVATIVE)                    ; --            ; --          ; --             ;
; POWER_PRESET_COOLING_SOLUTION       ; 23 MM HEAT SINK WITH 200 LFPM AIRFLOW  ; --            ; --          ; --             ;
; TOP_LEVEL_ENTITY                    ; lab0                                   ; usb_capture   ; --          ; --             ;
+-------------------------------------+----------------------------------------+---------------+-------------+----------------+


+--------------------------------------------------------------------------------------------------------------------------+
; Flow Elapsed Time                                                                                                        ;
+----------------------+--------------+-------------------------+---------------------+------------------------------------+
; Module Name          ; Elapsed Time ; Average Processors Used ; Peak Virtual Memory ; Total CPU Time (on all processors) ;
+----------------------+--------------+-------------------------+---------------------+------------------------------------+
; Analysis & Synthesis ; 00:00:05     ; 1.0                     ; 4847 MB             ; 00:00:03                           ;
; Fitter               ; 00:00:04     ; 1.1                     ; 6529 MB             ; 00:00:01                           ;
; Assembler            ; 00:00:00     ; 1.0                     ; 4722 MB             ; 00:00:00                           ;
; Timing Analyzer      ; 00:00:01     ; 1.1                     ; 4906 MB             ; 00:00:01                           ;
; Total                ; 00:00:10     ; --                      ; --                  ; 00:00:05                           ;
+----------------------+--------------+-------------------------+---------------------+------------------------------------+


+------------------------------------------------------------------------------------+
; Flow OS Summary                                                                    ;
+----------------------+------------------+------------+------------+----------------+
; Module Name          ; Machine Hostname ; OS Name    ; OS Version ; Processor type ;
+----------------------+------------------+------------+------------+----------------+
; Analysis & Synthesis ; DESKTOP-2E6QIQB  ; Windows 10 ; 10.0       ; x86_64         ;
; Fitter               ; DESKTOP-2E6QIQB  ; Windows 10 ; 10.0       ; x86_64         ;
; Assembler            ; DESKTOP-2E6QIQB  ; Windows 10 ; 10.0       ; x86_64         ;
; Timing Analyzer      ; DESKTOP-2E6QIQB  ; Windows 10 ; 10.0       ; x86_64         ;
+----------------------+------------------+------------+------------+----------------+


------------
; Flow Log ;
------------
quartus_map --read_settings_files=on --write_settings_files=off usb_capture -c usb_capture
quartus_fit --read_settings_files=off --write_settings_files=off usb_capture -c usb_capture
quartus_asm --read_settings_files=off --write_settings_files=off usb_capture -c usb_capture
quartus_sta usb_capture -c usb_capture



